<?xml version="1.0" encoding="UTF-8"?>
<!-- Generated by org.testng.reporters.JUnitReportReporter -->
<testsuite hostname="Win10Pro" failures="0" tests="3" name="com.nopcommerce.user.Level_03_Register_Login_Page_Object_Pattern" time="9.211" errors="0" timestamp="28 Sep 2021 03:09:47 GMT" skipped="0">
  <testcase classname="com.nopcommerce.user.Level_03_Register_Login_Page_Object_Pattern" name="TC_02_Login" time="2.158"/>
  <testcase classname="com.nopcommerce.user.Level_03_Register_Login_Page_Object_Pattern" name="TC_03_My_Account" time="1.273"/>
  <testcase classname="com.nopcommerce.user.Level_03_Register_Login_Page_Object_Pattern" name="TC_01_Register" time="5.780"/>
</testsuite> <!-- com.nopcommerce.user.Level_03_Register_Login_Page_Object_Pattern -->
