<?xml version="1.0" encoding="UTF-8"?>
<!-- Generated by org.testng.reporters.JUnitReportReporter -->
<testsuite hostname="Win10Pro" failures="0" tests="1" name="com.jquery.Upload_File_Jquery" time="16.523" errors="0" timestamp="12 Nov 2021 17:47:18 GMT" skipped="0">
  <testcase classname="com.jquery.Upload_File_Jquery" name="Upload_3_File" time="16.523"/>
</testsuite> <!-- com.jquery.Upload_File_Jquery -->
