<?xml version="1.0" encoding="UTF-8"?>
<!-- Generated by org.testng.reporters.JUnitReportReporter -->
<testsuite hostname="Win10Pro" failures="0" tests="3" name="com.nopcommerce.user.Level_02_Register_Login_BasePage_Part_1" time="16.851" errors="0" timestamp="19 Sep 2021 13:43:18 GMT" skipped="0">
  <testcase classname="com.nopcommerce.user.Level_02_Register_Login_BasePage_Part_1" name="TC_01_Register" time="9.808"/>
  <testcase classname="com.nopcommerce.user.Level_02_Register_Login_BasePage_Part_1" name="TC_02_Login" time="5.385"/>
  <testcase classname="com.nopcommerce.user.Level_02_Register_Login_BasePage_Part_1" name="TC_03_My_Account" time="1.658"/>
</testsuite> <!-- com.nopcommerce.user.Level_02_Register_Login_BasePage_Part_1 -->
