<?xml version="1.0" encoding="UTF-8"?>
<!-- Generated by org.testng.reporters.JUnitReportReporter -->
<testsuite hostname="Win10Pro" failures="0" tests="2" name="com.jquery.Level09_Data_Table" time="15.078" errors="0" timestamp="28 Oct 2021 17:17:39 GMT" skipped="0">
  <testcase classname="com.jquery.Level09_Data_Table" name="TC_01_DataTable" time="6.882"/>
  <testcase classname="com.jquery.Level09_Data_Table" name="TC_06_Edit_Button" time="8.196"/>
</testsuite> <!-- com.jquery.Level09_Data_Table -->
