<?xml version="1.0" encoding="UTF-8"?>
<!-- Generated by org.testng.reporters.JUnitReportReporter -->
<testsuite hostname="Win10Pro" failures="0" tests="3" name="com.nopcommerce.user.Level_06_Page_Generator_03_Init_Test_Class" time="17.449" errors="0" timestamp="07 Oct 2021 22:57:00 GMT" skipped="0">
  <testcase classname="com.nopcommerce.user.Level_06_Page_Generator_03_Init_Test_Class" name="TC_02_Login" time="3.415"/>
  <testcase classname="com.nopcommerce.user.Level_06_Page_Generator_03_Init_Test_Class" name="TC_03_My_Account" time="2.909"/>
  <testcase classname="com.nopcommerce.user.Level_06_Page_Generator_03_Init_Test_Class" name="TC_01_Register" time="11.125"/>
</testsuite> <!-- com.nopcommerce.user.Level_06_Page_Generator_03_Init_Test_Class -->
