<?xml version="1.0" encoding="UTF-8"?>
<!-- Generated by org.testng.reporters.JUnitReportReporter -->
<testsuite hostname="Win10Pro" failures="0" tests="4" name="displayAndUndisplay.verifyElementDisplayed" time="26.052" errors="0" timestamp="05 Nov 2021 18:55:15 GMT" skipped="0">
  <testcase classname="displayAndUndisplay.verifyElementDisplayed" name="TC_04_Check_Element_NOT_Displayed_By_Wait" time="6.583"/>
  <testcase classname="displayAndUndisplay.verifyElementDisplayed" name="TC_01_Check_Element_Displayed" time="2.992"/>
  <testcase classname="displayAndUndisplay.verifyElementDisplayed" name="TC_02_Check_Element_NOT_Displayed_And_Exists_In_DOM" time="8.577"/>
  <testcase classname="displayAndUndisplay.verifyElementDisplayed" name="TC_03_Check_Element_NOT_Displayed_And_Dont_Exists_In_DOM" time="7.900"/>
</testsuite> <!-- displayAndUndisplay.verifyElementDisplayed -->
