<?xml version="1.0" encoding="UTF-8"?>
<!-- Generated by org.testng.reporters.JUnitReportReporter -->
<testsuite hostname="Win10Pro" failures="0" tests="15" name="com.nopcommerce.user.Level_04_Register_Login_Multiple_Browser" time="81.892" errors="0" timestamp="27 Sep 2021 02:13:01 GMT" skipped="0">
  <testcase classname="com.nopcommerce.user.Level_04_Register_Login_Multiple_Browser" name="TC_01_Register" time="8.911"/>
  <testcase classname="com.nopcommerce.user.Level_04_Register_Login_Multiple_Browser" name="TC_03_My_Account" time="4.152"/>
  <testcase classname="com.nopcommerce.user.Level_04_Register_Login_Multiple_Browser" name="TC_01_Register" time="10.123"/>
  <testcase classname="com.nopcommerce.user.Level_04_Register_Login_Multiple_Browser" name="TC_02_Login" time="3.223"/>
  <testcase classname="com.nopcommerce.user.Level_04_Register_Login_Multiple_Browser" name="TC_02_Login" time="3.448"/>
  <testcase classname="com.nopcommerce.user.Level_04_Register_Login_Multiple_Browser" name="TC_03_My_Account" time="3.424"/>
  <testcase classname="com.nopcommerce.user.Level_04_Register_Login_Multiple_Browser" name="TC_02_Login" time="3.748"/>
  <testcase classname="com.nopcommerce.user.Level_04_Register_Login_Multiple_Browser" name="TC_03_My_Account" time="3.970"/>
  <testcase classname="com.nopcommerce.user.Level_04_Register_Login_Multiple_Browser" name="TC_01_Register" time="9.585"/>
  <testcase classname="com.nopcommerce.user.Level_04_Register_Login_Multiple_Browser" name="TC_02_Login" time="2.731"/>
  <testcase classname="com.nopcommerce.user.Level_04_Register_Login_Multiple_Browser" name="TC_03_My_Account" time="3.399"/>
  <testcase classname="com.nopcommerce.user.Level_04_Register_Login_Multiple_Browser" name="TC_03_My_Account" time="3.525"/>
  <testcase classname="com.nopcommerce.user.Level_04_Register_Login_Multiple_Browser" name="TC_01_Register" time="8.975"/>
  <testcase classname="com.nopcommerce.user.Level_04_Register_Login_Multiple_Browser" name="TC_02_Login" time="3.772"/>
  <testcase classname="com.nopcommerce.user.Level_04_Register_Login_Multiple_Browser" name="TC_01_Register" time="8.906"/>
</testsuite> <!-- com.nopcommerce.user.Level_04_Register_Login_Multiple_Browser -->
