<?xml version="1.0" encoding="UTF-8"?>
<!-- Generated by org.testng.reporters.JUnitReportReporter -->
<testsuite hostname="Win10Pro" failures="0" tests="3" name="com.nopcommerce.user.Level_02_Register_Login_BasePage_Part_3" time="10.498" errors="0" timestamp="19 Sep 2021 13:41:21 GMT" skipped="0">
  <testcase classname="com.nopcommerce.user.Level_02_Register_Login_BasePage_Part_3" name="TC_02_Login" time="1.384"/>
  <testcase classname="com.nopcommerce.user.Level_02_Register_Login_BasePage_Part_3" name="TC_01_Register" time="7.225"/>
  <testcase classname="com.nopcommerce.user.Level_02_Register_Login_BasePage_Part_3" name="TC_03_My_Account" time="1.889"/>
</testsuite> <!-- com.nopcommerce.user.Level_02_Register_Login_BasePage_Part_3 -->
