<?xml version="1.0" encoding="UTF-8"?>
<!-- Generated by org.testng.reporters.JUnitReportReporter -->
<testsuite hostname="Win10Pro" failures="0" tests="3" name="com.nopcommerce.user.Level_02_Register_Login_Page_Object_Pattern" time="9.747" errors="0" timestamp="21 Sep 2021 23:17:25 GMT" skipped="0">
  <testcase classname="com.nopcommerce.user.Level_02_Register_Login_Page_Object_Pattern" name="TC_03_My_Account" time="1.948"/>
  <testcase classname="com.nopcommerce.user.Level_02_Register_Login_Page_Object_Pattern" name="TC_01_Register" time="6.542"/>
  <testcase classname="com.nopcommerce.user.Level_02_Register_Login_Page_Object_Pattern" name="TC_02_Login" time="1.257"/>
</testsuite> <!-- com.nopcommerce.user.Level_02_Register_Login_Page_Object_Pattern -->
