<?xml version="1.0" encoding="UTF-8"?>
<!-- Generated by org.testng.reporters.JUnitReportReporter -->
<testsuite hostname="Win10Pro" failures="0" tests="4" name="com.nopcommerce.user.Level_08_Switch_Page_Dynamic_Object" time="17.201" errors="0" timestamp="22 Oct 2021 19:31:07 GMT" skipped="0">
  <testcase classname="com.nopcommerce.user.Level_08_Switch_Page_Dynamic_Object" name="TC_02_Login" time="2.338"/>
  <testcase classname="com.nopcommerce.user.Level_08_Switch_Page_Dynamic_Object" name="TC_01_Register" time="6.958"/>
  <testcase classname="com.nopcommerce.user.Level_08_Switch_Page_Dynamic_Object" name="TC_05_Switch_Page_Common" time="4.609"/>
  <testcase classname="com.nopcommerce.user.Level_08_Switch_Page_Dynamic_Object" name="TC_03_My_Account" time="3.296"/>
</testsuite> <!-- com.nopcommerce.user.Level_08_Switch_Page_Dynamic_Object -->
