<?xml version="1.0" encoding="UTF-8"?>
<!-- Generated by org.testng.reporters.JUnitReportReporter -->
<testsuite hostname="Win10Pro" failures="0" tests="3" name="com.nopcommerce.user.Level_02_Register_Login_BasePage_Part_2" time="11.813" errors="0" timestamp="19 Sep 2021 13:43:42 GMT" skipped="0">
  <testcase classname="com.nopcommerce.user.Level_02_Register_Login_BasePage_Part_2" name="TC_02_Login" time="2.047"/>
  <testcase classname="com.nopcommerce.user.Level_02_Register_Login_BasePage_Part_2" name="TC_01_Register" time="6.717"/>
  <testcase classname="com.nopcommerce.user.Level_02_Register_Login_BasePage_Part_2" name="TC_03_My_Account" time="3.049"/>
</testsuite> <!-- com.nopcommerce.user.Level_02_Register_Login_BasePage_Part_2 -->
